[debug] > Exec(early(addDefaultCommands), None, None)
[debug] > Exec(addDefaultCommands, None, None)
[debug] > Exec(early(initialize), None, None)
[debug] > Exec(initialize, None, None)
[debug] > Exec(boot, None, None)
[debug] > Exec(writeSbtVersion, None, None)
[debug] > Exec(reload, None, None)
[debug] > Exec(sbtStashOnFailure, None, None)
[debug] > Exec(onFailure loadFailed, None, None)
[debug] > Exec(loadp, None, None)
[info] welcome to sbt 1.6.0 (Ubuntu Java 11.0.25)
[debug] Load.defaultLoad until apply took 238.204522ms
[debug]           Load.loadUnit: plugins took 54.931721ms
[debug]           Load.loadUnit: defsScala took 0.223387ms
[debug] [Loading] Scanning directory /home/martins/Documents/VexRiscv/project
[debug]             Load.loadUnit: mkEval took 4.097694ms
[debug] [Loading] Found non-root projects 
[debug] [Loading] Done in /home/martins/Documents/VexRiscv/project, returning: ()
[debug] deducing auto plugins based on known facts Set(Atom(sbt.plugins.CorePlugin)) and clauses Clauses(Clause(Atom(sbt.plugins.JvmPlugin),Set(Atom(sbt.plugins.IvyPlugin)))
[debug] Clause(Atom(sbt.ScriptedPlugin),Set(Atom(sbt.plugins.JvmPlugin)))
[debug] Clause(Atom(sbt.plugins.SbtPlugin),Set(Atom(sbt.ScriptedPlugin)))
[debug] Clause(Atom(sbt.plugins.SemanticdbPlugin),Set(Atom(sbt.plugins.JvmPlugin)))
[debug] Clause(Atom(sbt.plugins.JUnitXmlReportPlugin),Set(Atom(sbt.plugins.JvmPlugin)))
[debug] Clause(Atom(sbt.plugins.MiniDependencyTreePlugin),Set(Atom(sbt.plugins.JvmPlugin)))
[debug] Clause(Atom(sbt.plugins.CorePlugin),Set(Atom(sbt.plugins.IvyPlugin)))
[debug] Clause(Atom(sbt.plugins.IvyPlugin),Set(Atom(sbt.plugins.JvmPlugin)))
[debug] Clause(Atom(sbt.plugins.JvmPlugin),Set(Atom(sbt.plugins.SemanticdbPlugin)))
[debug] Clause(Atom(sbt.plugins.JvmPlugin),Set(Atom(sbt.plugins.JUnitXmlReportPlugin)))
[debug] Clause(Atom(sbt.plugins.CorePlugin),Set(Atom(sbt.plugins.Giter8TemplatePlugin)))
[debug] Clause(Atom(sbt.plugins.JvmPlugin),Set(Atom(sbt.plugins.MiniDependencyTreePlugin))))
[debug]   :: deduced result: Matched(sbt.plugins.CorePlugin,sbt.plugins.Giter8TemplatePlugin,sbt.plugins.IvyPlugin,sbt.plugins.JvmPlugin,sbt.plugins.MiniDependencyTreePlugin,sbt.plugins.JUnitXmlReportPlugin,sbt.plugins.SemanticdbPlugin)
[debug] Plugins.deducer#function took 14.391803 ms
[info] loading settings for project vexriscv-build from plugins.sbt ...
[debug]               Load.resolveProject(vexriscv-build) took 54.256088ms
[debug]             Load.loadTransitive: finalizeProject(Project(id vexriscv-build, base: /home/martins/Documents/VexRiscv/project, plugins: List(<none>))) took 85.92567ms
[debug] [Loading] Done in /home/martins/Documents/VexRiscv/project, returning: (vexriscv-build)
[debug]           Load.loadUnit: loadedProjectsRaw took 249.862161ms
[debug]           Load.loadUnit: cleanEvalClasses took 0.232769ms
[debug]         Load.loadUnit(file:/home/martins/Documents/VexRiscv/project/, ...) took 309.243412ms
